{
  "RSpec": {
    "coverage": {
      "/Users/vladimirkuzmich/codebreaker_vk1/dependencies.rb": [
        null,
        null,
        1,
        1,
        1,
        null,
        1,
        1,
        1,
        1,
        1,
        1,
        1,
        1,
        1,
        1,
        1
      ],
      "/Users/vladimirkuzmich/codebreaker_vk1/lib/config/i18n.rb": [
        1
      ],
      "/Users/vladimirkuzmich/codebreaker_vk1/lib/game_info.rb": [
        null,
        null,
        1,
        1,
        3,
        null,
        null,
        1,
        6,
        null,
        null,
        1,
        4,
        null,
        null,
        1,
        6,
        null,
        null,
        1,
        1,
        null,
        null,
        1,
        0,
        null,
        null,
        1,
        1,
        null,
        null,
        1,
        5,
        null,
        null,
        1,
        4,
        null,
        null,
        1,
        1,
        null,
        null,
        1,
        1,
        null,
        null,
        1,
        1,
        null,
        null,
        1,
        5,
        null,
        null,
        1,
        7,
        null,
        null,
        1,
        2,
        null,
        null,
        1,
        2,
        null,
        null,
        1,
        5,
        null,
        null,
        1,
        4,
        null,
        null
      ],
      "/Users/vladimirkuzmich/codebreaker_vk1/lib/validation.rb": [
        null,
        null,
        1,
        1,
        8,
        null,
        null,
        1,
        7,
        null,
        null
      ],
      "/Users/vladimirkuzmich/codebreaker_vk1/lib/game_start.rb": [
        null,
        null,
        1,
        null,
        1,
        null,
        null,
        null,
        null,
        1,
        75,
        null,
        null,
        1,
        744,
        234,
        null,
        234,
        936,
        null,
        null,
        234,
        null,
        null,
        1,
        4,
        null,
        null,
        1,
        36,
        null,
        null
      ],
      "/Users/vladimirkuzmich/codebreaker_vk1/lib/database.rb": [
        null,
        null,
        1,
        1,
        null,
        1,
        4,
        null,
        null,
        1,
        3,
        3,
        2,
        2,
        2,
        null,
        1,
        null,
        null,
        null
      ],
      "/Users/vladimirkuzmich/codebreaker_vk1/lib/game_console.rb": [
        null,
        null,
        1,
        1,
        1,
        1,
        1,
        null,
        1,
        11,
        null,
        null,
        1,
        5,
        5,
        null,
        4,
        4,
        4,
        1,
        1,
        1,
        1,
        null,
        null,
        5,
        5,
        null,
        null,
        1,
        7,
        7,
        2,
        2,
        2,
        null,
        5,
        null,
        null,
        null,
        1,
        1,
        1,
        null,
        1,
        null,
        null,
        null,
        null,
        null,
        null,
        1,
        null,
        null,
        1,
        2,
        2,
        null,
        null
      ],
      "/Users/vladimirkuzmich/codebreaker_vk1/lib/table_data.rb": [
        null,
        null,
        1,
        1,
        null,
        1,
        4,
        4,
        4,
        4,
        4,
        4,
        null,
        null,
        1,
        1,
        null,
        null,
        null,
        null,
        null,
        null,
        null,
        null
      ],
      "/Users/vladimirkuzmich/codebreaker_vk1/lib/game_menu.rb": [
        null,
        null,
        1,
        null,
        1,
        1,
        1,
        1,
        1,
        1,
        null,
        1,
        3,
        3,
        null,
        null,
        1,
        6,
        6,
        6,
        1,
        1,
        1,
        1,
        2,
        null,
        null,
        null,
        null,
        1,
        1,
        1,
        null,
        null,
        1,
        4,
        4,
        4,
        4,
        3,
        null,
        1,
        null,
        null,
        null,
        1,
        6,
        6,
        6,
        1,
        1,
        1,
        1,
        2,
        null,
        null,
        null,
        null,
        1,
        1,
        null,
        null,
        1,
        1,
        null,
        39,
        39,
        1,
        null,
        null,
        1,
        null,
        5,
        null,
        null,
        null,
        5,
        null,
        null,
        1,
        2,
        2,
        null,
        null,
        null
      ],
      "/Users/vladimirkuzmich/codebreaker_vk1/lib/game.rb": [
        null,
        null,
        1,
        null,
        1,
        1,
        null,
        1,
        null,
        1,
        14,
        14,
        14,
        14,
        14,
        14,
        14,
        null,
        null,
        1,
        1,
        1,
        1,
        1,
        null,
        null,
        1,
        2,
        null,
        1,
        1,
        null,
        null
      ]
    },
    "timestamp": 1564047789
  }
}
